<?xml version="1.0" encoding="UTF-8"?>
<!-- Generated by org.testng.reporters.JUnitXMLReporter -->
<testsuite ignored="0" hostname="DESKTOP-CBTS99R" failures="9" tests="17" name="Surefire test" time="13.972" errors="0" timestamp="2023-02-02T00:16:13 EET">
  <testcase classname="io.cucumber.testng.AbstractTestNGCucumberTests" name="runScenario" time="4.606"/>
  <testcase classname="io.cucumber.testng.AbstractTestNGCucumberTests" name="runScenario" time="0.856"/>
  <testcase classname="io.cucumber.testng.AbstractTestNGCucumberTests" name="runScenario" time="0.377">
    <failure type="java.lang.AssertionError" message="expected [404] but found [200]">
      <![CDATA[java.lang.AssertionError: expected [404] but found [200]
at stepDef.D02_invalidInfo.status_code_should_be_for_all_invalid_entries(D02_invalidInfo.java:21)
at ✽.status code should be 404 for all invalid entries(file:///F:/APIpractice/rest/src/main/resources/features/F02_InvalidInfo.feature:6)
... Removed 6 stack frames]]>
    </failure>
  </testcase> <!-- runScenario -->
  <testcase classname="io.cucumber.testng.AbstractTestNGCucumberTests" name="runScenario" time="0.337">
    <failure type="java.lang.AssertionError" message="expected [404] but found [200]">
      <![CDATA[java.lang.AssertionError: expected [404] but found [200]
at stepDef.D02_invalidInfo.status_code_should_be_for_all_invalid_entries(D02_invalidInfo.java:21)
at ✽.status code should be 404 for all invalid entries(file:///F:/APIpractice/rest/src/main/resources/features/F02_InvalidInfo.feature:6)
... Removed 6 stack frames]]>
    </failure>
  </testcase> <!-- runScenario -->
  <testcase classname="io.cucumber.testng.AbstractTestNGCucumberTests" name="runScenario" time="0.328">
    <failure type="java.lang.AssertionError" message="expected [404] but found [200]">
      <![CDATA[java.lang.AssertionError: expected [404] but found [200]
at stepDef.D02_invalidInfo.status_code_should_be_for_all_invalid_entries(D02_invalidInfo.java:21)
at ✽.status code should be 404 for all invalid entries(file:///F:/APIpractice/rest/src/main/resources/features/F02_InvalidInfo.feature:6)
... Removed 6 stack frames]]>
    </failure>
  </testcase> <!-- runScenario -->
  <testcase classname="io.cucumber.testng.AbstractTestNGCucumberTests" name="runScenario" time="0.333">
    <failure type="java.lang.AssertionError" message="expected [404] but found [200]">
      <![CDATA[java.lang.AssertionError: expected [404] but found [200]
at stepDef.D02_invalidInfo.status_code_should_be_for_all_invalid_entries(D02_invalidInfo.java:21)
at ✽.status code should be 404 for all invalid entries(file:///F:/APIpractice/rest/src/main/resources/features/F02_InvalidInfo.feature:6)
... Removed 6 stack frames]]>
    </failure>
  </testcase> <!-- runScenario -->
  <testcase classname="io.cucumber.testng.AbstractTestNGCucumberTests" name="runScenario" time="0.328">
    <failure type="java.lang.AssertionError" message="expected [404] but found [200]">
      <![CDATA[java.lang.AssertionError: expected [404] but found [200]
at stepDef.D02_invalidInfo.status_code_should_be_for_all_invalid_entries(D02_invalidInfo.java:21)
at ✽.status code should be 404 for all invalid entries(file:///F:/APIpractice/rest/src/main/resources/features/F02_InvalidInfo.feature:6)
... Removed 6 stack frames]]>
    </failure>
  </testcase> <!-- runScenario -->
  <testcase classname="io.cucumber.testng.AbstractTestNGCucumberTests" name="runScenario" time="0.361">
    <failure type="java.lang.AssertionError" message="expected [404] but found [200]">
      <![CDATA[java.lang.AssertionError: expected [404] but found [200]
at stepDef.D02_invalidInfo.status_code_should_be_for_all_invalid_entries(D02_invalidInfo.java:21)
at ✽.status code should be 404 for all invalid entries(file:///F:/APIpractice/rest/src/main/resources/features/F02_InvalidInfo.feature:6)
... Removed 6 stack frames]]>
    </failure>
  </testcase> <!-- runScenario -->
  <testcase classname="io.cucumber.testng.AbstractTestNGCucumberTests" name="runScenario" time="0.332">
    <failure type="java.lang.AssertionError" message="expected [404] but found [200]">
      <![CDATA[java.lang.AssertionError: expected [404] but found [200]
at stepDef.D02_invalidInfo.status_code_should_be_for_all_invalid_entries(D02_invalidInfo.java:21)
at ✽.status code should be 404 for all invalid entries(file:///F:/APIpractice/rest/src/main/resources/features/F02_InvalidInfo.feature:6)
... Removed 6 stack frames]]>
    </failure>
  </testcase> <!-- runScenario -->
  <testcase classname="io.cucumber.testng.AbstractTestNGCucumberTests" name="runScenario" time="0.324">
    <failure type="java.lang.AssertionError" message="expected [404] but found [200]">
      <![CDATA[java.lang.AssertionError: expected [404] but found [200]
at stepDef.D02_invalidInfo.status_code_should_be_for_all_invalid_entries(D02_invalidInfo.java:21)
at ✽.status code should be 404 for all invalid entries(file:///F:/APIpractice/rest/src/main/resources/features/F02_InvalidInfo.feature:6)
... Removed 6 stack frames]]>
    </failure>
  </testcase> <!-- runScenario -->
  <testcase classname="io.cucumber.testng.AbstractTestNGCucumberTests" name="runScenario" time="0.33">
    <failure type="java.lang.AssertionError" message="expected [404] but found [200]">
      <![CDATA[java.lang.AssertionError: expected [404] but found [200]
at stepDef.D02_invalidInfo.status_code_should_be_for_all_invalid_entries(D02_invalidInfo.java:21)
at ✽.status code should be 404 for all invalid entries(file:///F:/APIpractice/rest/src/main/resources/features/F02_InvalidInfo.feature:6)
... Removed 6 stack frames]]>
    </failure>
  </testcase> <!-- runScenario -->
  <testcase classname="io.cucumber.testng.AbstractTestNGCucumberTests" name="runScenario" time="0.666"/>
  <testcase classname="io.cucumber.testng.AbstractTestNGCucumberTests" name="runScenario" time="0.384"/>
  <testcase classname="io.cucumber.testng.AbstractTestNGCucumberTests" name="runScenario" time="1.237"/>
  <testcase classname="io.cucumber.testng.AbstractTestNGCucumberTests" name="runScenario" time="1.322"/>
  <testcase classname="io.cucumber.testng.AbstractTestNGCucumberTests" name="runScenario" time="0.342"/>
  <testcase classname="io.cucumber.testng.AbstractTestNGCucumberTests" name="runScenario" time="0.312"/>
</testsuite> <!-- Surefire test -->
